<?xml version="1.0" encoding="UTF-8"?>
<Site BuildName="(empty)"
	BuildStamp="20260420-1615-Experimental"
	Name="(empty)"
	Generator="ctest-3.28.3"
	CompilerName=""
	CompilerVersion=""
	OSName="Linux"
	Hostname="u24"
	OSRelease="6.17.0-20-generic"
	OSVersion="#20~24.04.1-Ubuntu SMP PREEMPT_DYNAMIC Thu Mar 19 01:28:37 UTC 2"
	OSPlatform="x86_64"
	Is64Bits="1"
	VendorString="GenuineIntel"
	VendorID="Intel Corporation"
	FamilyID="6"
	ModelID="186"
	ProcessorCacheSize="18432"
	NumberOfLogicalCPU="16"
	NumberOfPhysicalCPU="12"
	TotalVirtualMemory="9168"
	TotalPhysicalMemory="15713"
	LogicalProcessorsPerPhysical="1"
	ProcessorClockFrequency="4141.33"
	>
	<Testing>
		<StartDateTime>Apr 21 07:56 CST</StartDateTime>
		<StartTestTime>1776729366</StartTestTime>
		<TestList/>
		<EndDateTime>Apr 21 07:56 CST</EndDateTime>
		<EndTestTime>1776729366</EndTestTime>
		<ElapsedMinutes>0</ElapsedMinutes>
	</Testing>
</Site>
