<?xml version="1.0" encoding="UTF-8"?>
<Site BuildName="(empty)"
	BuildStamp="20260421-0424-Experimental"
	Name="(empty)"
	Generator="ctest-3.28.3"
	CompilerName=""
	CompilerVersion=""
	OSName="Linux"
	Hostname="u24"
	OSRelease="6.17.0-20-generic"
	OSVersion="#20~24.04.1-Ubuntu SMP PREEMPT_DYNAMIC Thu Mar 19 01:28:37 UTC 2"
	OSPlatform="x86_64"
	Is64Bits="1"
	VendorString="GenuineIntel"
	VendorID="Intel Corporation"
	FamilyID="6"
	ModelID="186"
	ProcessorCacheSize="18432"
	NumberOfLogicalCPU="16"
	NumberOfPhysicalCPU="12"
	TotalVirtualMemory="9168"
	TotalPhysicalMemory="15713"
	LogicalProcessorsPerPhysical="1"
	ProcessorClockFrequency="1386.9"
	>
	<Testing>
		<StartDateTime>Apr 21 12:24 CST</StartDateTime>
		<StartTestTime>1776745498</StartTestTime>
		<TestList/>
		<EndDateTime>Apr 21 12:24 CST</EndDateTime>
		<EndTestTime>1776745498</EndTestTime>
		<ElapsedMinutes>0</ElapsedMinutes>
	</Testing>
</Site>
